[INFO ] 2022-09-07 15:53:50 [http-nio-8080-exec-1] DepartmentsToWellsServiceImpl - start
[INFO ] 2022-09-07 15:53:50 [http-nio-8080-exec-1] DepartmentsToWellsServiceImpl - read
[INFO ] 2022-09-07 15:55:12 [http-nio-8080-exec-1] DepartmentsToWellsServiceImpl - start
[INFO ] 2022-09-07 15:55:12 [http-nio-8080-exec-1] DepartmentsToWellsServiceImpl - read
[INFO ] 2022-09-07 16:06:36 [http-nio-8080-exec-1] DepartmentsToWellsServiceImpl - Скв. 3 принадлежит месторождению Губахинское 
Скв. 5 принадлежит месторождению Краснокамское 
Скв. 8 принадлежит месторождению Чайковское 
Скв. 9 принадлежит месторождению Краснокамское 
Скв. 10 принадлежит месторождению Чайковское 
Скв. 12 принадлежит месторождению Пермское 
Скв. 13 принадлежит месторождению Губахинское 
Скв. 14 принадлежит месторождению Губахинское 
Скв. 15 принадлежит месторождению Чайковское 
Скв. 20 принадлежит месторождению Губахинское 
Скв. 22 принадлежит месторождению Губахинское 
Скв. 24 принадлежит месторождению Губахинское 
Скв. 25 принадлежит месторождению Пермское 
Скв. 26 принадлежит месторождению Губахинское 
Скв. 27 принадлежит месторождению Краснокамское 
Скв. 28 принадлежит месторождению Губахинское 
Скв. 31 принадлежит месторождению Губахинское 
Скв. 33 принадлежит месторождению Пермское 
Скв. 34 принадлежит месторождению Губахинское 
Скв. 36 принадлежит месторождению Губахинское 
Скв. 37 принадлежит месторождению Осинское 
Скв. 39 принадлежит месторождению Краснокамское 
Скв. 41 принадлежит месторождению Губахинское 
Скв. 43 принадлежит месторождению Губахинское 
Скв. 45 принадлежит месторождению Чайковское 
Скв. 46 принадлежит месторождению Чайковское 
Скв. 47 принадлежит месторождению Осинское 
Скв. 48 принадлежит месторождению Губахинское 
Скв. 49 принадлежит месторождению Губахинское 
Скв. 51 принадлежит месторождению Пермское 
Скв. 52 принадлежит месторождению Губахинское 
Скв. 53 принадлежит месторождению Губахинское 
Скв. 54 принадлежит месторождению Осинское 
Скв. 55 принадлежит месторождению Пермское 
Скв. 56 принадлежит месторождению Губахинское 
Скв. 57 принадлежит месторождению Краснокамское 
Скв. 60 принадлежит месторождению Чайковское 
Скв. 62 принадлежит месторождению Губахинское 
Скв. 64 принадлежит месторождению Осинское 
Скв. 69 принадлежит месторождению Чайковское 
Скв. 72 принадлежит месторождению Губахинское 
Скв. 73 принадлежит месторождению Краснокамское 
Скв. 74 принадлежит месторождению Губахинское 
Скв. 77 принадлежит месторождению Губахинское 
Скв. 79 принадлежит месторождению Губахинское 
Скв. 83 принадлежит месторождению Краснокамское 
Скв. 84 принадлежит месторождению Губахинское 
Скв. 85 принадлежит месторождению Чайковское 
Скв. 86 принадлежит месторождению Губахинское 
Скв. 87 принадлежит месторождению Чайковское 
Скв. 88 принадлежит месторождению Краснокамское 
Скв. 89 принадлежит месторождению Губахинское 
Скв. 90 принадлежит месторождению Пермское 
 
 execution time: 122 ms
[INFO ] 2022-09-07 16:10:25 [http-nio-8080-exec-1] DepartmentsToWellsServiceImpl - Скв. 3 принадлежит месторождению Губахинское 
Скв. 5 принадлежит месторождению Краснокамское 
Скв. 8 принадлежит месторождению Чайковское 
Скв. 9 принадлежит месторождению Краснокамское 
Скв. 10 принадлежит месторождению Чайковское 
Скв. 12 принадлежит месторождению Пермское 
Скв. 13 принадлежит месторождению Губахинское 
Скв. 14 принадлежит месторождению Губахинское 
Скв. 15 принадлежит месторождению Чайковское 
Скв. 20 принадлежит месторождению Губахинское 
Скв. 22 принадлежит месторождению Губахинское 
Скв. 24 принадлежит месторождению Губахинское 
Скв. 25 принадлежит месторождению Пермское 
Скв. 26 принадлежит месторождению Губахинское 
Скв. 27 принадлежит месторождению Краснокамское 
Скв. 28 принадлежит месторождению Губахинское 
Скв. 31 принадлежит месторождению Губахинское 
Скв. 33 принадлежит месторождению Пермское 
Скв. 34 принадлежит месторождению Губахинское 
Скв. 36 принадлежит месторождению Губахинское 
Скв. 37 принадлежит месторождению Осинское 
Скв. 39 принадлежит месторождению Краснокамское 
Скв. 41 принадлежит месторождению Губахинское 
Скв. 43 принадлежит месторождению Губахинское 
Скв. 45 принадлежит месторождению Чайковское 
Скв. 46 принадлежит месторождению Чайковское 
Скв. 47 принадлежит месторождению Осинское 
Скв. 48 принадлежит месторождению Губахинское 
Скв. 49 принадлежит месторождению Губахинское 
Скв. 51 принадлежит месторождению Пермское 
Скв. 52 принадлежит месторождению Губахинское 
Скв. 53 принадлежит месторождению Губахинское 
Скв. 54 принадлежит месторождению Осинское 
Скв. 55 принадлежит месторождению Пермское 
Скв. 56 принадлежит месторождению Губахинское 
Скв. 57 принадлежит месторождению Краснокамское 
Скв. 60 принадлежит месторождению Чайковское 
Скв. 62 принадлежит месторождению Губахинское 
Скв. 64 принадлежит месторождению Осинское 
Скв. 69 принадлежит месторождению Чайковское 
Скв. 72 принадлежит месторождению Губахинское 
Скв. 73 принадлежит месторождению Краснокамское 
Скв. 74 принадлежит месторождению Губахинское 
Скв. 77 принадлежит месторождению Губахинское 
Скв. 79 принадлежит месторождению Губахинское 
Скв. 83 принадлежит месторождению Краснокамское 
Скв. 84 принадлежит месторождению Губахинское 
Скв. 85 принадлежит месторождению Чайковское 
Скв. 86 принадлежит месторождению Губахинское 
Скв. 87 принадлежит месторождению Чайковское 
Скв. 88 принадлежит месторождению Краснокамское 
Скв. 89 принадлежит месторождению Губахинское 
Скв. 90 принадлежит месторождению Пермское 
 execution time: 63 ms
[INFO ] 2022-09-07 16:10:58 [http-nio-8080-exec-5] DepartmentsToWellsServiceImpl - Скв. 3 принадлежит месторождению Губахинское 
Скв. 5 принадлежит месторождению Краснокамское 
Скв. 8 принадлежит месторождению Чайковское 
Скв. 9 принадлежит месторождению Краснокамское 
Скв. 10 принадлежит месторождению Чайковское 
Скв. 12 принадлежит месторождению Пермское 
Скв. 13 принадлежит месторождению Губахинское 
Скв. 14 принадлежит месторождению Губахинское 
Скв. 15 принадлежит месторождению Чайковское 
Скв. 20 принадлежит месторождению Губахинское 
Скв. 22 принадлежит месторождению Губахинское 
Скв. 24 принадлежит месторождению Губахинское 
Скв. 25 принадлежит месторождению Пермское 
Скв. 26 принадлежит месторождению Губахинское 
Скв. 27 принадлежит месторождению Краснокамское 
Скв. 28 принадлежит месторождению Губахинское 
Скв. 31 принадлежит месторождению Губахинское 
Скв. 33 принадлежит месторождению Пермское 
Скв. 34 принадлежит месторождению Губахинское 
Скв. 36 принадлежит месторождению Губахинское 
Скв. 37 принадлежит месторождению Осинское 
Скв. 39 принадлежит месторождению Краснокамское 
Скв. 41 принадлежит месторождению Губахинское 
Скв. 43 принадлежит месторождению Губахинское 
Скв. 45 принадлежит месторождению Чайковское 
Скв. 46 принадлежит месторождению Чайковское 
Скв. 47 принадлежит месторождению Осинское 
Скв. 48 принадлежит месторождению Губахинское 
Скв. 49 принадлежит месторождению Губахинское 
Скв. 51 принадлежит месторождению Пермское 
Скв. 52 принадлежит месторождению Губахинское 
Скв. 53 принадлежит месторождению Губахинское 
Скв. 54 принадлежит месторождению Осинское 
Скв. 55 принадлежит месторождению Пермское 
Скв. 56 принадлежит месторождению Губахинское 
Скв. 57 принадлежит месторождению Краснокамское 
Скв. 60 принадлежит месторождению Чайковское 
Скв. 62 принадлежит месторождению Губахинское 
Скв. 64 принадлежит месторождению Осинское 
Скв. 69 принадлежит месторождению Чайковское 
Скв. 72 принадлежит месторождению Губахинское 
Скв. 73 принадлежит месторождению Краснокамское 
Скв. 74 принадлежит месторождению Губахинское 
Скв. 77 принадлежит месторождению Губахинское 
Скв. 79 принадлежит месторождению Губахинское 
Скв. 83 принадлежит месторождению Краснокамское 
Скв. 84 принадлежит месторождению Губахинское 
Скв. 85 принадлежит месторождению Чайковское 
Скв. 86 принадлежит месторождению Губахинское 
Скв. 87 принадлежит месторождению Чайковское 
Скв. 88 принадлежит месторождению Краснокамское 
Скв. 89 принадлежит месторождению Губахинское 
Скв. 90 принадлежит месторождению Пермское 
 execution time: 11 ms
[INFO ] 2022-09-07 16:12:36 [http-nio-8080-exec-2] DepartmentsToWellsServiceImpl - 
Скв. 3 принадлежит месторождению Губахинское 

Скв. 5 принадлежит месторождению Краснокамское 

Скв. 8 принадлежит месторождению Чайковское 

Скв. 9 принадлежит месторождению Краснокамское 

Скв. 10 принадлежит месторождению Чайковское 

Скв. 12 принадлежит месторождению Пермское 

Скв. 13 принадлежит месторождению Губахинское 

Скв. 14 принадлежит месторождению Губахинское 

Скв. 15 принадлежит месторождению Чайковское 

Скв. 20 принадлежит месторождению Губахинское 

Скв. 22 принадлежит месторождению Губахинское 

Скв. 24 принадлежит месторождению Губахинское 

Скв. 25 принадлежит месторождению Пермское 

Скв. 26 принадлежит месторождению Губахинское 

Скв. 27 принадлежит месторождению Краснокамское 

Скв. 28 принадлежит месторождению Губахинское 

Скв. 31 принадлежит месторождению Губахинское 

Скв. 33 принадлежит месторождению Пермское 

Скв. 34 принадлежит месторождению Губахинское 

Скв. 36 принадлежит месторождению Губахинское 

Скв. 37 принадлежит месторождению Осинское 

Скв. 39 принадлежит месторождению Краснокамское 

Скв. 41 принадлежит месторождению Губахинское 

Скв. 43 принадлежит месторождению Губахинское 

Скв. 45 принадлежит месторождению Чайковское 

Скв. 46 принадлежит месторождению Чайковское 

Скв. 47 принадлежит месторождению Осинское 

Скв. 48 принадлежит месторождению Губахинское 

Скв. 49 принадлежит месторождению Губахинское 

Скв. 51 принадлежит месторождению Пермское 

Скв. 52 принадлежит месторождению Губахинское 

Скв. 53 принадлежит месторождению Губахинское 

Скв. 54 принадлежит месторождению Осинское 

Скв. 55 принадлежит месторождению Пермское 

Скв. 56 принадлежит месторождению Губахинское 

Скв. 57 принадлежит месторождению Краснокамское 

Скв. 60 принадлежит месторождению Чайковское 

Скв. 62 принадлежит месторождению Губахинское 

Скв. 64 принадлежит месторождению Осинское 

Скв. 69 принадлежит месторождению Чайковское 

Скв. 72 принадлежит месторождению Губахинское 

Скв. 73 принадлежит месторождению Краснокамское 

Скв. 74 принадлежит месторождению Губахинское 

Скв. 77 принадлежит месторождению Губахинское 

Скв. 79 принадлежит месторождению Губахинское 

Скв. 83 принадлежит месторождению Краснокамское 

Скв. 84 принадлежит месторождению Губахинское 

Скв. 85 принадлежит месторождению Чайковское 

Скв. 86 принадлежит месторождению Губахинское 

Скв. 87 принадлежит месторождению Чайковское 

Скв. 88 принадлежит месторождению Краснокамское 

Скв. 89 принадлежит месторождению Губахинское 

Скв. 90 принадлежит месторождению Пермское 
 execution time: 43 ms
[INFO ] 2022-09-07 16:13:42 [http-nio-8080-exec-1] DepartmentsToWellsServiceImpl - 
Скв. 3 принадлежит месторождению Губахинское
Скв. 5 принадлежит месторождению Краснокамское
Скв. 8 принадлежит месторождению Чайковское
Скв. 9 принадлежит месторождению Краснокамское
Скв. 10 принадлежит месторождению Чайковское
Скв. 12 принадлежит месторождению Пермское
Скв. 13 принадлежит месторождению Губахинское
Скв. 14 принадлежит месторождению Губахинское
Скв. 15 принадлежит месторождению Чайковское
Скв. 20 принадлежит месторождению Губахинское
Скв. 22 принадлежит месторождению Губахинское
Скв. 24 принадлежит месторождению Губахинское
Скв. 25 принадлежит месторождению Пермское
Скв. 26 принадлежит месторождению Губахинское
Скв. 27 принадлежит месторождению Краснокамское
Скв. 28 принадлежит месторождению Губахинское
Скв. 31 принадлежит месторождению Губахинское
Скв. 33 принадлежит месторождению Пермское
Скв. 34 принадлежит месторождению Губахинское
Скв. 36 принадлежит месторождению Губахинское
Скв. 37 принадлежит месторождению Осинское
Скв. 39 принадлежит месторождению Краснокамское
Скв. 41 принадлежит месторождению Губахинское
Скв. 43 принадлежит месторождению Губахинское
Скв. 45 принадлежит месторождению Чайковское
Скв. 46 принадлежит месторождению Чайковское
Скв. 47 принадлежит месторождению Осинское
Скв. 48 принадлежит месторождению Губахинское
Скв. 49 принадлежит месторождению Губахинское
Скв. 51 принадлежит месторождению Пермское
Скв. 52 принадлежит месторождению Губахинское
Скв. 53 принадлежит месторождению Губахинское
Скв. 54 принадлежит месторождению Осинское
Скв. 55 принадлежит месторождению Пермское
Скв. 56 принадлежит месторождению Губахинское
Скв. 57 принадлежит месторождению Краснокамское
Скв. 60 принадлежит месторождению Чайковское
Скв. 62 принадлежит месторождению Губахинское
Скв. 64 принадлежит месторождению Осинское
Скв. 69 принадлежит месторождению Чайковское
Скв. 72 принадлежит месторождению Губахинское
Скв. 73 принадлежит месторождению Краснокамское
Скв. 74 принадлежит месторождению Губахинское
Скв. 77 принадлежит месторождению Губахинское
Скв. 79 принадлежит месторождению Губахинское
Скв. 83 принадлежит месторождению Краснокамское
Скв. 84 принадлежит месторождению Губахинское
Скв. 85 принадлежит месторождению Чайковское
Скв. 86 принадлежит месторождению Губахинское
Скв. 87 принадлежит месторождению Чайковское
Скв. 88 принадлежит месторождению Краснокамское
Скв. 89 принадлежит месторождению Губахинское
Скв. 90 принадлежит месторождению Пермское execution time: 75 ms
[INFO ] 2022-09-07 16:21:40 [http-nio-8080-exec-5] DepartmentsToWellsServiceImpl - 
Скв. 3 принадлежит месторождению Губахинское
Скв. 5 принадлежит месторождению Краснокамское
Скв. 8 принадлежит месторождению Чайковское
Скв. 9 принадлежит месторождению Краснокамское
Скв. 10 принадлежит месторождению Чайковское
Скв. 12 принадлежит месторождению Пермское
Скв. 13 принадлежит месторождению Губахинское
Скв. 14 принадлежит месторождению Губахинское
Скв. 15 принадлежит месторождению Чайковское
Скв. 20 принадлежит месторождению Губахинское
Скв. 22 принадлежит месторождению Губахинское
Скв. 24 принадлежит месторождению Губахинское
Скв. 25 принадлежит месторождению Пермское
Скв. 26 принадлежит месторождению Губахинское
Скв. 27 принадлежит месторождению Краснокамское
Скв. 28 принадлежит месторождению Губахинское
Скв. 31 принадлежит месторождению Губахинское
Скв. 33 принадлежит месторождению Пермское
Скв. 34 принадлежит месторождению Губахинское
Скв. 36 принадлежит месторождению Губахинское
Скв. 37 принадлежит месторождению Осинское
Скв. 39 принадлежит месторождению Краснокамское
Скв. 41 принадлежит месторождению Губахинское
Скв. 43 принадлежит месторождению Губахинское
Скв. 45 принадлежит месторождению Чайковское
Скв. 46 принадлежит месторождению Чайковское
Скв. 47 принадлежит месторождению Осинское
Скв. 48 принадлежит месторождению Губахинское
Скв. 49 принадлежит месторождению Губахинское
Скв. 51 принадлежит месторождению Пермское
Скв. 52 принадлежит месторождению Губахинское
Скв. 53 принадлежит месторождению Губахинское
Скв. 54 принадлежит месторождению Осинское
Скв. 55 принадлежит месторождению Пермское
Скв. 56 принадлежит месторождению Губахинское
Скв. 57 принадлежит месторождению Краснокамское
Скв. 60 принадлежит месторождению Чайковское
Скв. 62 принадлежит месторождению Губахинское
Скв. 64 принадлежит месторождению Осинское
Скв. 69 принадлежит месторождению Чайковское
Скв. 72 принадлежит месторождению Губахинское
Скв. 73 принадлежит месторождению Краснокамское
Скв. 74 принадлежит месторождению Губахинское
Скв. 77 принадлежит месторождению Губахинское
Скв. 79 принадлежит месторождению Губахинское
Скв. 83 принадлежит месторождению Краснокамское
Скв. 84 принадлежит месторождению Губахинское
Скв. 85 принадлежит месторождению Чайковское
Скв. 86 принадлежит месторождению Губахинское
Скв. 87 принадлежит месторождению Чайковское
Скв. 88 принадлежит месторождению Краснокамское
Скв. 89 принадлежит месторождению Губахинское
Скв. 90 принадлежит месторождению Пермское 
execution time: 17 ms
[INFO ] 2022-09-07 16:22:49 [http-nio-8080-exec-1] DepartmentsToWellsServiceImpl - 
Скв. 3 принадлежит месторождению Губахинское
Скв. 5 принадлежит месторождению Краснокамское
Скв. 8 принадлежит месторождению Чайковское
Скв. 9 принадлежит месторождению Краснокамское
Скв. 10 принадлежит месторождению Чайковское
Скв. 12 принадлежит месторождению Пермское
Скв. 13 принадлежит месторождению Губахинское
Скв. 14 принадлежит месторождению Губахинское
Скв. 15 принадлежит месторождению Чайковское
Скв. 20 принадлежит месторождению Губахинское
Скв. 22 принадлежит месторождению Губахинское
Скв. 24 принадлежит месторождению Губахинское
Скв. 25 принадлежит месторождению Пермское
Скв. 26 принадлежит месторождению Губахинское
Скв. 27 принадлежит месторождению Краснокамское
Скв. 28 принадлежит месторождению Губахинское
Скв. 31 принадлежит месторождению Губахинское
Скв. 33 принадлежит месторождению Пермское
Скв. 34 принадлежит месторождению Губахинское
Скв. 36 принадлежит месторождению Губахинское
Скв. 37 принадлежит месторождению Осинское
Скв. 39 принадлежит месторождению Краснокамское
Скв. 41 принадлежит месторождению Губахинское
Скв. 43 принадлежит месторождению Губахинское
Скв. 45 принадлежит месторождению Чайковское
Скв. 46 принадлежит месторождению Чайковское
Скв. 47 принадлежит месторождению Осинское
Скв. 48 принадлежит месторождению Губахинское
Скв. 49 принадлежит месторождению Губахинское
Скв. 51 принадлежит месторождению Пермское
Скв. 52 принадлежит месторождению Губахинское
Скв. 53 принадлежит месторождению Губахинское
Скв. 54 принадлежит месторождению Осинское
Скв. 55 принадлежит месторождению Пермское
Скв. 56 принадлежит месторождению Губахинское
Скв. 57 принадлежит месторождению Краснокамское
Скв. 60 принадлежит месторождению Чайковское
Скв. 62 принадлежит месторождению Губахинское
Скв. 64 принадлежит месторождению Осинское
Скв. 69 принадлежит месторождению Чайковское
Скв. 72 принадлежит месторождению Губахинское
Скв. 73 принадлежит месторождению Краснокамское
Скв. 74 принадлежит месторождению Губахинское
Скв. 77 принадлежит месторождению Губахинское
Скв. 79 принадлежит месторождению Губахинское
Скв. 83 принадлежит месторождению Краснокамское
Скв. 84 принадлежит месторождению Губахинское
Скв. 85 принадлежит месторождению Чайковское
Скв. 86 принадлежит месторождению Губахинское
Скв. 87 принадлежит месторождению Чайковское
Скв. 88 принадлежит месторождению Краснокамское
Скв. 89 принадлежит месторождению Губахинское
Скв. 90 принадлежит месторождению Пермское 
execution time: 37 ms
[INFO ] 2022-09-07 16:54:31 [http-nio-8080-exec-1] DepartmentsToWellsServiceImpl - 
Скв. 3 принадлежит месторождению Губахинское
Скв. 5 принадлежит месторождению Краснокамское
Скв. 8 принадлежит месторождению Чайковское
Скв. 9 принадлежит месторождению Краснокамское
Скв. 10 принадлежит месторождению Чайковское
Скв. 12 принадлежит месторождению Пермское
Скв. 13 принадлежит месторождению Губахинское
Скв. 14 принадлежит месторождению Губахинское
Скв. 15 принадлежит месторождению Чайковское
Скв. 20 принадлежит месторождению Губахинское
Скв. 22 принадлежит месторождению Губахинское
Скв. 24 принадлежит месторождению Губахинское
Скв. 25 принадлежит месторождению Пермское
Скв. 26 принадлежит месторождению Губахинское
Скв. 27 принадлежит месторождению Краснокамское
Скв. 28 принадлежит месторождению Губахинское
Скв. 31 принадлежит месторождению Губахинское
Скв. 33 принадлежит месторождению Пермское
Скв. 34 принадлежит месторождению Губахинское
Скв. 36 принадлежит месторождению Губахинское
Скв. 37 принадлежит месторождению Осинское
Скв. 39 принадлежит месторождению Краснокамское
Скв. 41 принадлежит месторождению Губахинское
Скв. 43 принадлежит месторождению Губахинское
Скв. 45 принадлежит месторождению Чайковское
Скв. 46 принадлежит месторождению Чайковское
Скв. 47 принадлежит месторождению Осинское
Скв. 48 принадлежит месторождению Губахинское
Скв. 49 принадлежит месторождению Губахинское
Скв. 51 принадлежит месторождению Пермское
Скв. 52 принадлежит месторождению Губахинское
Скв. 53 принадлежит месторождению Губахинское
Скв. 54 принадлежит месторождению Осинское
Скв. 55 принадлежит месторождению Пермское
Скв. 56 принадлежит месторождению Губахинское
Скв. 57 принадлежит месторождению Краснокамское
Скв. 60 принадлежит месторождению Чайковское
Скв. 62 принадлежит месторождению Губахинское
Скв. 64 принадлежит месторождению Осинское
Скв. 69 принадлежит месторождению Чайковское
Скв. 72 принадлежит месторождению Губахинское
Скв. 73 принадлежит месторождению Краснокамское
Скв. 74 принадлежит месторождению Губахинское
Скв. 77 принадлежит месторождению Губахинское
Скв. 79 принадлежит месторождению Губахинское
Скв. 83 принадлежит месторождению Краснокамское
Скв. 84 принадлежит месторождению Губахинское
Скв. 85 принадлежит месторождению Чайковское
Скв. 86 принадлежит месторождению Губахинское
Скв. 87 принадлежит месторождению Чайковское
Скв. 88 принадлежит месторождению Краснокамское
Скв. 89 принадлежит месторождению Губахинское
Скв. 90 принадлежит месторождению Пермское 
execution time: 47 ms
[INFO ] 2022-09-08 08:55:10 [http-nio-8080-exec-2] DepartmentsToWellsServiceImpl - 
Скв. 3 принадлежит месторождению Губахинское
Скв. 5 принадлежит месторождению Краснокамское
Скв. 8 принадлежит месторождению Чайковское
Скв. 9 принадлежит месторождению Краснокамское
Скв. 10 принадлежит месторождению Чайковское
Скв. 12 принадлежит месторождению Пермское
Скв. 13 принадлежит месторождению Губахинское
Скв. 14 принадлежит месторождению Губахинское
Скв. 15 принадлежит месторождению Чайковское
Скв. 20 принадлежит месторождению Губахинское
Скв. 22 принадлежит месторождению Губахинское
Скв. 24 принадлежит месторождению Губахинское
Скв. 25 принадлежит месторождению Пермское
Скв. 26 принадлежит месторождению Губахинское
Скв. 27 принадлежит месторождению Краснокамское
Скв. 28 принадлежит месторождению Губахинское
Скв. 31 принадлежит месторождению Губахинское
Скв. 33 принадлежит месторождению Пермское
Скв. 34 принадлежит месторождению Губахинское
Скв. 36 принадлежит месторождению Губахинское
Скв. 37 принадлежит месторождению Осинское
Скв. 39 принадлежит месторождению Краснокамское
Скв. 41 принадлежит месторождению Губахинское
Скв. 43 принадлежит месторождению Губахинское
Скв. 45 принадлежит месторождению Чайковское
Скв. 46 принадлежит месторождению Чайковское
Скв. 47 принадлежит месторождению Осинское
Скв. 48 принадлежит месторождению Губахинское
Скв. 49 принадлежит месторождению Губахинское
Скв. 51 принадлежит месторождению Пермское
Скв. 52 принадлежит месторождению Губахинское
Скв. 53 принадлежит месторождению Губахинское
Скв. 54 принадлежит месторождению Осинское
Скв. 55 принадлежит месторождению Пермское
Скв. 56 принадлежит месторождению Губахинское
Скв. 57 принадлежит месторождению Краснокамское
Скв. 60 принадлежит месторождению Чайковское
Скв. 62 принадлежит месторождению Губахинское
Скв. 64 принадлежит месторождению Осинское
Скв. 69 принадлежит месторождению Чайковское
Скв. 72 принадлежит месторождению Губахинское
Скв. 73 принадлежит месторождению Краснокамское
Скв. 74 принадлежит месторождению Губахинское
Скв. 77 принадлежит месторождению Губахинское
Скв. 79 принадлежит месторождению Губахинское
Скв. 83 принадлежит месторождению Краснокамское
Скв. 84 принадлежит месторождению Губахинское
Скв. 85 принадлежит месторождению Чайковское
Скв. 86 принадлежит месторождению Губахинское
Скв. 87 принадлежит месторождению Чайковское
Скв. 88 принадлежит месторождению Краснокамское
Скв. 89 принадлежит месторождению Губахинское
Скв. 90 принадлежит месторождению Пермское 
execution time: 42 ms
[INFO ] 2022-09-08 09:02:39 [http-nio-8080-exec-1] DepartmentsToWellsServiceImpl - 
Скв. 3 принадлежит месторождению Губахинское
Скв. 5 принадлежит месторождению Краснокамское
Скв. 8 принадлежит месторождению Чайковское
Скв. 9 принадлежит месторождению Краснокамское
Скв. 10 принадлежит месторождению Чайковское
Скв. 12 принадлежит месторождению Пермское
Скв. 13 принадлежит месторождению Губахинское
Скв. 14 принадлежит месторождению Губахинское
Скв. 15 принадлежит месторождению Чайковское
Скв. 20 принадлежит месторождению Губахинское
Скв. 22 принадлежит месторождению Губахинское
Скв. 24 принадлежит месторождению Губахинское
Скв. 25 принадлежит месторождению Пермское
Скв. 26 принадлежит месторождению Губахинское
Скв. 27 принадлежит месторождению Краснокамское
Скв. 28 принадлежит месторождению Губахинское
Скв. 31 принадлежит месторождению Губахинское
Скв. 33 принадлежит месторождению Пермское
Скв. 34 принадлежит месторождению Губахинское
Скв. 36 принадлежит месторождению Губахинское
Скв. 37 принадлежит месторождению Осинское
Скв. 39 принадлежит месторождению Краснокамское
Скв. 41 принадлежит месторождению Губахинское
Скв. 43 принадлежит месторождению Губахинское
Скв. 45 принадлежит месторождению Чайковское
Скв. 46 принадлежит месторождению Чайковское
Скв. 47 принадлежит месторождению Осинское
Скв. 48 принадлежит месторождению Губахинское
Скв. 49 принадлежит месторождению Губахинское
Скв. 51 принадлежит месторождению Пермское
Скв. 52 принадлежит месторождению Губахинское
Скв. 53 принадлежит месторождению Губахинское
Скв. 54 принадлежит месторождению Осинское
Скв. 55 принадлежит месторождению Пермское
Скв. 56 принадлежит месторождению Губахинское
Скв. 57 принадлежит месторождению Краснокамское
Скв. 60 принадлежит месторождению Чайковское
Скв. 62 принадлежит месторождению Губахинское
Скв. 64 принадлежит месторождению Осинское
Скв. 69 принадлежит месторождению Чайковское
Скв. 72 принадлежит месторождению Губахинское
Скв. 73 принадлежит месторождению Краснокамское
Скв. 74 принадлежит месторождению Губахинское
Скв. 77 принадлежит месторождению Губахинское
Скв. 79 принадлежит месторождению Губахинское
Скв. 83 принадлежит месторождению Краснокамское
Скв. 84 принадлежит месторождению Губахинское
Скв. 85 принадлежит месторождению Чайковское
Скв. 86 принадлежит месторождению Губахинское
Скв. 87 принадлежит месторождению Чайковское
Скв. 88 принадлежит месторождению Краснокамское
Скв. 89 принадлежит месторождению Губахинское
Скв. 90 принадлежит месторождению Пермское 
execution time: 65 ms
[INFO ] 2022-09-08 09:16:40 [http-nio-8080-exec-10] DepartmentsToWellsServiceImpl - 
Скв. 3 принадлежит месторождению Губахинское
Скв. 5 принадлежит месторождению Краснокамское
Скв. 8 принадлежит месторождению Чайковское
Скв. 9 принадлежит месторождению Краснокамское
Скв. 10 принадлежит месторождению Чайковское
Скв. 12 принадлежит месторождению Пермское
Скв. 13 принадлежит месторождению Губахинское
Скв. 14 принадлежит месторождению Губахинское
Скв. 15 принадлежит месторождению Чайковское
Скв. 20 принадлежит месторождению Губахинское
Скв. 22 принадлежит месторождению Губахинское
Скв. 24 принадлежит месторождению Губахинское
Скв. 25 принадлежит месторождению Пермское
Скв. 26 принадлежит месторождению Губахинское
Скв. 27 принадлежит месторождению Краснокамское
Скв. 28 принадлежит месторождению Губахинское
Скв. 31 принадлежит месторождению Губахинское
Скв. 33 принадлежит месторождению Пермское
Скв. 34 принадлежит месторождению Губахинское
Скв. 36 принадлежит месторождению Губахинское
Скв. 37 принадлежит месторождению Осинское
Скв. 39 принадлежит месторождению Краснокамское
Скв. 41 принадлежит месторождению Губахинское
Скв. 43 принадлежит месторождению Губахинское
Скв. 45 принадлежит месторождению Чайковское
Скв. 46 принадлежит месторождению Чайковское
Скв. 47 принадлежит месторождению Осинское
Скв. 48 принадлежит месторождению Губахинское
Скв. 49 принадлежит месторождению Губахинское
Скв. 51 принадлежит месторождению Пермское
Скв. 52 принадлежит месторождению Губахинское
Скв. 53 принадлежит месторождению Губахинское
Скв. 54 принадлежит месторождению Осинское
Скв. 55 принадлежит месторождению Пермское
Скв. 56 принадлежит месторождению Губахинское
Скв. 57 принадлежит месторождению Краснокамское
Скв. 60 принадлежит месторождению Чайковское
Скв. 62 принадлежит месторождению Губахинское
Скв. 64 принадлежит месторождению Осинское
Скв. 69 принадлежит месторождению Чайковское
Скв. 72 принадлежит месторождению Губахинское
Скв. 73 принадлежит месторождению Краснокамское
Скв. 74 принадлежит месторождению Губахинское
Скв. 77 принадлежит месторождению Губахинское
Скв. 79 принадлежит месторождению Губахинское
Скв. 83 принадлежит месторождению Краснокамское
Скв. 84 принадлежит месторождению Губахинское
Скв. 85 принадлежит месторождению Чайковское
Скв. 86 принадлежит месторождению Губахинское
Скв. 87 принадлежит месторождению Чайковское
Скв. 88 принадлежит месторождению Краснокамское
Скв. 89 принадлежит месторождению Губахинское
Скв. 90 принадлежит месторождению Пермское 
execution time: 143 ms
[INFO ] 2022-09-08 09:18:15 [http-nio-8080-exec-5] DepartmentsToWellsServiceImpl - 
null принадлежит месторождению Губахинское
Скв. 5 принадлежит месторождению Краснокамское
Скв. 8 принадлежит месторождению Чайковское
Скв. 9 принадлежит месторождению Краснокамское
Скв. 10 принадлежит месторождению Чайковское
Скв. 12 принадлежит месторождению Пермское
Скв. 13 принадлежит месторождению Губахинское
Скв. 14 принадлежит месторождению Губахинское
Скв. 15 принадлежит месторождению Чайковское
Скв. 20 принадлежит месторождению Губахинское
Скв. 22 принадлежит месторождению Губахинское
Скв. 24 принадлежит месторождению Губахинское
Скв. 25 принадлежит месторождению Пермское
Скв. 26 принадлежит месторождению Губахинское
Скв. 27 принадлежит месторождению Краснокамское
Скв. 28 принадлежит месторождению Губахинское
Скв. 31 принадлежит месторождению Губахинское
Скв. 33 принадлежит месторождению Пермское
Скв. 34 принадлежит месторождению Губахинское
Скв. 36 принадлежит месторождению Губахинское
Скв. 37 принадлежит месторождению Осинское
Скв. 39 принадлежит месторождению Краснокамское
Скв. 41 принадлежит месторождению Губахинское
Скв. 43 принадлежит месторождению Губахинское
Скв. 45 принадлежит месторождению Чайковское
Скв. 46 принадлежит месторождению Чайковское
Скв. 47 принадлежит месторождению Осинское
Скв. 48 принадлежит месторождению Губахинское
Скв. 49 принадлежит месторождению Губахинское
Скв. 51 принадлежит месторождению Пермское
Скв. 52 принадлежит месторождению Губахинское
Скв. 53 принадлежит месторождению Губахинское
Скв. 54 принадлежит месторождению Осинское
Скв. 55 принадлежит месторождению Пермское
Скв. 56 принадлежит месторождению Губахинское
Скв. 57 принадлежит месторождению Краснокамское
Скв. 60 принадлежит месторождению Чайковское
Скв. 62 принадлежит месторождению Губахинское
Скв. 64 принадлежит месторождению Осинское
Скв. 69 принадлежит месторождению Чайковское
Скв. 72 принадлежит месторождению Губахинское
Скв. 73 принадлежит месторождению Краснокамское
Скв. 74 принадлежит месторождению Губахинское
Скв. 77 принадлежит месторождению Губахинское
Скв. 79 принадлежит месторождению Губахинское
Скв. 83 принадлежит месторождению Краснокамское
Скв. 84 принадлежит месторождению Губахинское
Скв. 85 принадлежит месторождению Чайковское
Скв. 86 принадлежит месторождению Губахинское
Скв. 87 принадлежит месторождению Чайковское
Скв. 88 принадлежит месторождению Краснокамское
Скв. 89 принадлежит месторождению Губахинское
Скв. 90 принадлежит месторождению Пермское 
execution time: 41 ms
[INFO ] 2022-09-08 09:18:59 [http-nio-8080-exec-9] DepartmentsToWellsServiceImpl - 
null принадлежит месторождению Губахинское
Скв. 5 принадлежит месторождению Краснокамское
Скв. 8 принадлежит месторождению Чайковское
Скв. 9 принадлежит месторождению Краснокамское
Скв. 10 принадлежит месторождению Чайковское
Скв. 12 принадлежит месторождению Пермское
Скв. 13 принадлежит месторождению Губахинское
Скв. 14 принадлежит месторождению Губахинское
Скв. 15 принадлежит месторождению Чайковское
Скв. 20 принадлежит месторождению Губахинское
Скв. 22 принадлежит месторождению Губахинское
Скв. 24 принадлежит месторождению Губахинское
Скв. 25 принадлежит месторождению Пермское
Скв. 26 принадлежит месторождению Губахинское
Скв. 27 принадлежит месторождению Краснокамское
Скв. 28 принадлежит месторождению Губахинское
Скв. 31 принадлежит месторождению Губахинское
Скв. 33 принадлежит месторождению Пермское
Скв. 34 принадлежит месторождению Губахинское
Скв. 36 принадлежит месторождению Губахинское
Скв. 37 принадлежит месторождению Осинское
Скв. 39 принадлежит месторождению Краснокамское
Скв. 41 принадлежит месторождению Губахинское
Скв. 43 принадлежит месторождению Губахинское
Скв. 45 принадлежит месторождению Чайковское
Скв. 46 принадлежит месторождению Чайковское
Скв. 47 принадлежит месторождению Осинское
Скв. 48 принадлежит месторождению Губахинское
Скв. 49 принадлежит месторождению Губахинское
Скв. 51 принадлежит месторождению Пермское
Скв. 52 принадлежит месторождению Губахинское
Скв. 53 принадлежит месторождению Губахинское
Скв. 54 принадлежит месторождению Осинское
Скв. 55 принадлежит месторождению Пермское
Скв. 56 принадлежит месторождению Губахинское
Скв. 57 принадлежит месторождению Краснокамское
Скв. 60 принадлежит месторождению Чайковское
Скв. 62 принадлежит месторождению Губахинское
Скв. 64 принадлежит месторождению Осинское
Скв. 69 принадлежит месторождению Чайковское
Скв. 72 принадлежит месторождению Губахинское
Скв. 73 принадлежит месторождению Краснокамское
Скв. 74 принадлежит месторождению Губахинское
Скв. 77 принадлежит месторождению Губахинское
Скв. 79 принадлежит месторождению Губахинское
Скв. 83 принадлежит месторождению Краснокамское
Скв. 84 принадлежит месторождению Губахинское
Скв. 85 принадлежит месторождению Чайковское
Скв. 86 принадлежит месторождению Губахинское
Скв. 87 принадлежит месторождению Чайковское
Скв. 88 принадлежит месторождению Краснокамское
Скв. 89 принадлежит месторождению Губахинское
Скв. 90 принадлежит месторождению Пермское 
execution time: 31 ms
[INFO ] 2022-09-08 10:15:10 [http-nio-8080-exec-5] DepartmentsToWellsServiceImpl - 
Скв. 3 принадлежит месторождению Губахинское
Скв. 5 принадлежит месторождению Краснокамское
Скв. 8 принадлежит месторождению Чайковское
Скв. 9 принадлежит месторождению Краснокамское
Скв. 10 принадлежит месторождению Чайковское
Скв. 12 принадлежит месторождению Пермское
Скв. 13 принадлежит месторождению Губахинское
Скв. 14 принадлежит месторождению Губахинское
Скв. 15 принадлежит месторождению Чайковское
Скв. 20 принадлежит месторождению Губахинское
Скв. 22 принадлежит месторождению Губахинское
Скв. 24 принадлежит месторождению Губахинское
Скв. 25 принадлежит месторождению Пермское
Скв. 26 принадлежит месторождению Губахинское
Скв. 27 принадлежит месторождению Краснокамское
Скв. 28 принадлежит месторождению Губахинское
Скв. 31 принадлежит месторождению Губахинское
Скв. 33 принадлежит месторождению Пермское
Скв. 34 принадлежит месторождению Губахинское
Скв. 36 принадлежит месторождению Губахинское
Скв. 37 принадлежит месторождению Осинское
Скв. 39 принадлежит месторождению Краснокамское
Скв. 41 принадлежит месторождению Губахинское
Скв. 43 принадлежит месторождению Губахинское
Скв. 45 принадлежит месторождению Чайковское
Скв. 46 принадлежит месторождению Чайковское
Скв. 47 принадлежит месторождению Осинское
Скв. 48 принадлежит месторождению Губахинское
Скв. 49 принадлежит месторождению Губахинское
Скв. 51 принадлежит месторождению Пермское
Скв. 52 принадлежит месторождению Губахинское
Скв. 53 принадлежит месторождению Губахинское
Скв. 54 принадлежит месторождению Осинское
Скв. 55 принадлежит месторождению Пермское
Скв. 56 принадлежит месторождению Губахинское
Скв. 57 принадлежит месторождению Краснокамское
Скв. 60 принадлежит месторождению Чайковское
Скв. 62 принадлежит месторождению Губахинское
Скв. 64 принадлежит месторождению Осинское
Скв. 69 принадлежит месторождению Чайковское
Скв. 72 принадлежит месторождению Губахинское
Скв. 73 принадлежит месторождению Краснокамское
Скв. 74 принадлежит месторождению Губахинское
Скв. 77 принадлежит месторождению Губахинское
Скв. 79 принадлежит месторождению Губахинское
Скв. 83 принадлежит месторождению Краснокамское
Скв. 84 принадлежит месторождению Губахинское
Скв. 85 принадлежит месторождению Чайковское
Скв. 86 принадлежит месторождению Губахинское
Скв. 87 принадлежит месторождению Чайковское
Скв. 88 принадлежит месторождению Краснокамское
Скв. 89 принадлежит месторождению Губахинское
Скв. 90 принадлежит месторождению Пермское 
execution time: 25 ms
[INFO ] 2022-09-08 11:53:12 [http-nio-8080-exec-1] DepartmentsToWellsServiceImpl - 
Скв. 3 принадлежит месторождению Губахинское
Скв. 5 принадлежит месторождению Краснокамское
Скв. 8 принадлежит месторождению Чайковское
Скв. 9 принадлежит месторождению Краснокамское
Скв. 10 принадлежит месторождению Чайковское
Скв. 12 принадлежит месторождению Пермское
Скв. 13 принадлежит месторождению Губахинское
Скв. 14 принадлежит месторождению Губахинское
Скв. 15 принадлежит месторождению Чайковское
Скв. 20 принадлежит месторождению Губахинское
Скв. 22 принадлежит месторождению Губахинское
Скв. 24 принадлежит месторождению Губахинское
Скв. 25 принадлежит месторождению Пермское
Скв. 26 принадлежит месторождению Губахинское
Скв. 27 принадлежит месторождению Краснокамское
Скв. 28 принадлежит месторождению Губахинское
Скв. 31 принадлежит месторождению Губахинское
Скв. 33 принадлежит месторождению Пермское
Скв. 34 принадлежит месторождению Губахинское
Скв. 36 принадлежит месторождению Губахинское
Скв. 37 принадлежит месторождению Осинское
Скв. 39 принадлежит месторождению Краснокамское
Скв. 41 принадлежит месторождению Губахинское
Скв. 43 принадлежит месторождению Губахинское
Скв. 45 принадлежит месторождению Чайковское
Скв. 46 принадлежит месторождению Чайковское
Скв. 47 принадлежит месторождению Осинское
Скв. 48 принадлежит месторождению Губахинское
Скв. 49 принадлежит месторождению Губахинское
Скв. 51 принадлежит месторождению Пермское
Скв. 52 принадлежит месторождению Губахинское
Скв. 53 принадлежит месторождению Губахинское
Скв. 54 принадлежит месторождению Осинское
Скв. 55 принадлежит месторождению Пермское
Скв. 56 принадлежит месторождению Губахинское
Скв. 57 принадлежит месторождению Краснокамское
Скв. 60 принадлежит месторождению Чайковское
Скв. 62 принадлежит месторождению Губахинское
Скв. 64 принадлежит месторождению Осинское
Скв. 69 принадлежит месторождению Чайковское
Скв. 72 принадлежит месторождению Губахинское
Скв. 73 принадлежит месторождению Краснокамское
Скв. 74 принадлежит месторождению Губахинское
Скв. 77 принадлежит месторождению Губахинское
Скв. 79 принадлежит месторождению Губахинское
Скв. 83 принадлежит месторождению Краснокамское
Скв. 84 принадлежит месторождению Губахинское
Скв. 85 принадлежит месторождению Чайковское
Скв. 86 принадлежит месторождению Губахинское
Скв. 87 принадлежит месторождению Чайковское
Скв. 88 принадлежит месторождению Краснокамское
Скв. 89 принадлежит месторождению Губахинское
Скв. 90 принадлежит месторождению Пермское 
execution time: 67 ms
[INFO ] 2022-09-08 11:53:17 [http-nio-8080-exec-4] DepartmentsToWellsServiceImpl - 
Скв. 3 принадлежит месторождению Губахинское
Скв. 5 принадлежит месторождению Краснокамское
Скв. 8 принадлежит месторождению Чайковское
Скв. 9 принадлежит месторождению Краснокамское
Скв. 10 принадлежит месторождению Чайковское
Скв. 12 принадлежит месторождению Пермское
Скв. 13 принадлежит месторождению Губахинское
Скв. 14 принадлежит месторождению Губахинское
Скв. 15 принадлежит месторождению Чайковское
Скв. 20 принадлежит месторождению Губахинское
Скв. 22 принадлежит месторождению Губахинское
Скв. 24 принадлежит месторождению Губахинское
Скв. 25 принадлежит месторождению Пермское
Скв. 26 принадлежит месторождению Губахинское
Скв. 27 принадлежит месторождению Краснокамское
Скв. 28 принадлежит месторождению Губахинское
Скв. 31 принадлежит месторождению Губахинское
Скв. 33 принадлежит месторождению Пермское
Скв. 34 принадлежит месторождению Губахинское
Скв. 36 принадлежит месторождению Губахинское
Скв. 37 принадлежит месторождению Осинское
Скв. 39 принадлежит месторождению Краснокамское
Скв. 41 принадлежит месторождению Губахинское
Скв. 43 принадлежит месторождению Губахинское
Скв. 45 принадлежит месторождению Чайковское
Скв. 46 принадлежит месторождению Чайковское
Скв. 47 принадлежит месторождению Осинское
Скв. 48 принадлежит месторождению Губахинское
Скв. 49 принадлежит месторождению Губахинское
Скв. 51 принадлежит месторождению Пермское
Скв. 52 принадлежит месторождению Губахинское
Скв. 53 принадлежит месторождению Губахинское
Скв. 54 принадлежит месторождению Осинское
Скв. 55 принадлежит месторождению Пермское
Скв. 56 принадлежит месторождению Губахинское
Скв. 57 принадлежит месторождению Краснокамское
Скв. 60 принадлежит месторождению Чайковское
Скв. 62 принадлежит месторождению Губахинское
Скв. 64 принадлежит месторождению Осинское
Скв. 69 принадлежит месторождению Чайковское
Скв. 72 принадлежит месторождению Губахинское
Скв. 73 принадлежит месторождению Краснокамское
Скв. 74 принадлежит месторождению Губахинское
Скв. 77 принадлежит месторождению Губахинское
Скв. 79 принадлежит месторождению Губахинское
Скв. 83 принадлежит месторождению Краснокамское
Скв. 84 принадлежит месторождению Губахинское
Скв. 85 принадлежит месторождению Чайковское
Скв. 86 принадлежит месторождению Губахинское
Скв. 87 принадлежит месторождению Чайковское
Скв. 88 принадлежит месторождению Краснокамское
Скв. 89 принадлежит месторождению Губахинское
Скв. 90 принадлежит месторождению Пермское 
execution time: 27 ms
[INFO ] 2022-09-08 11:53:29 [http-nio-8080-exec-7] DepartmentsToWellsServiceImpl - 
Скв. 3 принадлежит месторождению Губахинское
Скв. 5 принадлежит месторождению Краснокамское
Скв. 8 принадлежит месторождению Чайковское
Скв. 9 принадлежит месторождению Краснокамское
Скв. 10 принадлежит месторождению Чайковское
Скв. 12 принадлежит месторождению Пермское
Скв. 13 принадлежит месторождению Губахинское
Скв. 14 принадлежит месторождению Губахинское
Скв. 15 принадлежит месторождению Чайковское
Скв. 20 принадлежит месторождению Губахинское
Скв. 22 принадлежит месторождению Губахинское
Скв. 24 принадлежит месторождению Губахинское
Скв. 25 принадлежит месторождению Пермское
Скв. 26 принадлежит месторождению Губахинское
Скв. 27 принадлежит месторождению Краснокамское
Скв. 28 принадлежит месторождению Губахинское
Скв. 31 принадлежит месторождению Губахинское
Скв. 33 принадлежит месторождению Пермское
Скв. 34 принадлежит месторождению Губахинское
Скв. 36 принадлежит месторождению Губахинское
Скв. 37 принадлежит месторождению Осинское
Скв. 39 принадлежит месторождению Краснокамское
Скв. 41 принадлежит месторождению Губахинское
Скв. 43 принадлежит месторождению Губахинское
Скв. 45 принадлежит месторождению Чайковское
Скв. 46 принадлежит месторождению Чайковское
Скв. 47 принадлежит месторождению Осинское
Скв. 48 принадлежит месторождению Губахинское
Скв. 49 принадлежит месторождению Губахинское
Скв. 51 принадлежит месторождению Пермское
Скв. 52 принадлежит месторождению Губахинское
Скв. 53 принадлежит месторождению Губахинское
Скв. 54 принадлежит месторождению Осинское
Скв. 55 принадлежит месторождению Пермское
Скв. 56 принадлежит месторождению Губахинское
Скв. 57 принадлежит месторождению Краснокамское
Скв. 60 принадлежит месторождению Чайковское
Скв. 62 принадлежит месторождению Губахинское
Скв. 64 принадлежит месторождению Осинское
Скв. 69 принадлежит месторождению Чайковское
Скв. 72 принадлежит месторождению Губахинское
Скв. 73 принадлежит месторождению Краснокамское
Скв. 74 принадлежит месторождению Губахинское
Скв. 77 принадлежит месторождению Губахинское
Скв. 79 принадлежит месторождению Губахинское
Скв. 83 принадлежит месторождению Краснокамское
Скв. 84 принадлежит месторождению Губахинское
Скв. 85 принадлежит месторождению Чайковское
Скв. 86 принадлежит месторождению Губахинское
Скв. 87 принадлежит месторождению Чайковское
Скв. 88 принадлежит месторождению Краснокамское
Скв. 89 принадлежит месторождению Губахинское
Скв. 90 принадлежит месторождению Пермское 
execution time: 12 ms
[INFO ] 2022-09-08 12:32:18 [http-nio-8080-exec-1] DepartmentsToWellsServiceImpl - 
Скв. 3 принадлежит месторождению Губахинское
Скв. 5 принадлежит месторождению Краснокамское
Скв. 8 принадлежит месторождению Чайковское
Скв. 9 принадлежит месторождению Краснокамское
Скв. 10 принадлежит месторождению Чайковское
Скв. 12 принадлежит месторождению Пермское
Скв. 13 принадлежит месторождению Губахинское
Скв. 14 принадлежит месторождению Губахинское
Скв. 15 принадлежит месторождению Чайковское
Скв. 20 принадлежит месторождению Губахинское
Скв. 22 принадлежит месторождению Губахинское
Скв. 24 принадлежит месторождению Губахинское
Скв. 25 принадлежит месторождению Пермское
Скв. 26 принадлежит месторождению Губахинское
Скв. 27 принадлежит месторождению Краснокамское
Скв. 28 принадлежит месторождению Губахинское
Скв. 31 принадлежит месторождению Губахинское
Скв. 33 принадлежит месторождению Пермское
Скв. 34 принадлежит месторождению Губахинское
Скв. 36 принадлежит месторождению Губахинское
Скв. 37 принадлежит месторождению Осинское
Скв. 39 принадлежит месторождению Краснокамское
Скв. 41 принадлежит месторождению Губахинское
Скв. 43 принадлежит месторождению Губахинское
Скв. 45 принадлежит месторождению Чайковское
Скв. 46 принадлежит месторождению Чайковское
Скв. 47 принадлежит месторождению Осинское
Скв. 48 принадлежит месторождению Губахинское
Скв. 49 принадлежит месторождению Губахинское
Скв. 51 принадлежит месторождению Пермское
Скв. 52 принадлежит месторождению Губахинское
Скв. 53 принадлежит месторождению Губахинское
Скв. 54 принадлежит месторождению Осинское
Скв. 55 принадлежит месторождению Пермское
Скв. 56 принадлежит месторождению Губахинское
Скв. 57 принадлежит месторождению Краснокамское
Скв. 60 принадлежит месторождению Чайковское
Скв. 62 принадлежит месторождению Губахинское
Скв. 64 принадлежит месторождению Осинское
Скв. 69 принадлежит месторождению Чайковское
Скв. 72 принадлежит месторождению Губахинское
Скв. 73 принадлежит месторождению Краснокамское
Скв. 74 принадлежит месторождению Губахинское
Скв. 77 принадлежит месторождению Губахинское
Скв. 79 принадлежит месторождению Губахинское
Скв. 83 принадлежит месторождению Краснокамское
Скв. 84 принадлежит месторождению Губахинское
Скв. 85 принадлежит месторождению Чайковское
Скв. 86 принадлежит месторождению Губахинское
Скв. 87 принадлежит месторождению Чайковское
Скв. 88 принадлежит месторождению Краснокамское
Скв. 89 принадлежит месторождению Губахинское
Скв. 90 принадлежит месторождению Пермское 
execution time: 84 ms
[INFO ] 2022-09-08 12:40:50 [http-nio-8080-exec-1] DepartmentsToWellsServiceImpl - 
Скв. 3 принадлежит месторождению Губахинское
Скв. 5 принадлежит месторождению Краснокамское
Скв. 8 принадлежит месторождению Чайковское
Скв. 9 принадлежит месторождению Краснокамское
Скв. 10 принадлежит месторождению Чайковское
Скв. 12 принадлежит месторождению Пермское
Скв. 13 принадлежит месторождению Губахинское
Скв. 14 принадлежит месторождению Губахинское
Скв. 15 принадлежит месторождению Чайковское
Скв. 20 принадлежит месторождению Губахинское
Скв. 22 принадлежит месторождению Губахинское
Скв. 24 принадлежит месторождению Губахинское
Скв. 25 принадлежит месторождению Пермское
Скв. 26 принадлежит месторождению Губахинское
Скв. 27 принадлежит месторождению Краснокамское
Скв. 28 принадлежит месторождению Губахинское
Скв. 31 принадлежит месторождению Губахинское
Скв. 33 принадлежит месторождению Пермское
Скв. 34 принадлежит месторождению Губахинское
Скв. 36 принадлежит месторождению Губахинское
Скв. 37 принадлежит месторождению Осинское
Скв. 39 принадлежит месторождению Краснокамское
Скв. 41 принадлежит месторождению Губахинское
Скв. 43 принадлежит месторождению Губахинское
Скв. 45 принадлежит месторождению Чайковское
Скв. 46 принадлежит месторождению Чайковское
Скв. 47 принадлежит месторождению Осинское
Скв. 48 принадлежит месторождению Губахинское
Скв. 49 принадлежит месторождению Губахинское
Скв. 51 принадлежит месторождению Пермское
Скв. 52 принадлежит месторождению Губахинское
Скв. 53 принадлежит месторождению Губахинское
Скв. 54 принадлежит месторождению Осинское
Скв. 55 принадлежит месторождению Пермское
Скв. 56 принадлежит месторождению Губахинское
Скв. 57 принадлежит месторождению Краснокамское
Скв. 60 принадлежит месторождению Чайковское
Скв. 62 принадлежит месторождению Губахинское
Скв. 64 принадлежит месторождению Осинское
Скв. 69 принадлежит месторождению Чайковское
Скв. 72 принадлежит месторождению Губахинское
Скв. 73 принадлежит месторождению Краснокамское
Скв. 74 принадлежит месторождению Губахинское
Скв. 77 принадлежит месторождению Губахинское
Скв. 79 принадлежит месторождению Губахинское
Скв. 83 принадлежит месторождению Краснокамское
Скв. 84 принадлежит месторождению Губахинское
Скв. 85 принадлежит месторождению Чайковское
Скв. 86 принадлежит месторождению Губахинское
Скв. 87 принадлежит месторождению Чайковское
Скв. 88 принадлежит месторождению Краснокамское
Скв. 89 принадлежит месторождению Губахинское
Скв. 90 принадлежит месторождению Пермское 
execution time: 75 ms
[INFO ] 2022-09-08 13:25:24 [http-nio-8080-exec-1] DepartmentsToWellsServiceImpl - 
Скв. 3 принадлежит месторождению Губахинское
Скв. 5 принадлежит месторождению Краснокамское
Скв. 8 принадлежит месторождению Чайковское
Скв. 9 принадлежит месторождению Краснокамское
Скв. 10 принадлежит месторождению Чайковское
Скв. 12 принадлежит месторождению Пермское
Скв. 13 принадлежит месторождению Губахинское
Скв. 14 принадлежит месторождению Губахинское
Скв. 15 принадлежит месторождению Чайковское
Скв. 20 принадлежит месторождению Губахинское
Скв. 22 принадлежит месторождению Губахинское
Скв. 24 принадлежит месторождению Губахинское
Скв. 25 принадлежит месторождению Пермское
Скв. 26 принадлежит месторождению Губахинское
Скв. 27 принадлежит месторождению Краснокамское
Скв. 28 принадлежит месторождению Губахинское
Скв. 31 принадлежит месторождению Губахинское
Скв. 33 принадлежит месторождению Пермское
Скв. 34 принадлежит месторождению Губахинское
Скв. 36 принадлежит месторождению Губахинское
Скв. 37 принадлежит месторождению Осинское
Скв. 39 принадлежит месторождению Краснокамское
Скв. 41 принадлежит месторождению Губахинское
Скв. 43 принадлежит месторождению Губахинское
Скв. 45 принадлежит месторождению Чайковское
Скв. 46 принадлежит месторождению Чайковское
Скв. 47 принадлежит месторождению Осинское
Скв. 48 принадлежит месторождению Губахинское
Скв. 49 принадлежит месторождению Губахинское
Скв. 51 принадлежит месторождению Пермское
Скв. 52 принадлежит месторождению Губахинское
Скв. 53 принадлежит месторождению Губахинское
Скв. 54 принадлежит месторождению Осинское
Скв. 55 принадлежит месторождению Пермское
Скв. 56 принадлежит месторождению Губахинское
Скв. 57 принадлежит месторождению Краснокамское
Скв. 60 принадлежит месторождению Чайковское
Скв. 62 принадлежит месторождению Губахинское
Скв. 64 принадлежит месторождению Осинское
Скв. 69 принадлежит месторождению Чайковское
Скв. 72 принадлежит месторождению Губахинское
Скв. 73 принадлежит месторождению Краснокамское
Скв. 74 принадлежит месторождению Губахинское
Скв. 77 принадлежит месторождению Губахинское
Скв. 79 принадлежит месторождению Губахинское
Скв. 83 принадлежит месторождению Краснокамское
Скв. 84 принадлежит месторождению Губахинское
Скв. 85 принадлежит месторождению Чайковское
Скв. 86 принадлежит месторождению Губахинское
Скв. 87 принадлежит месторождению Чайковское
Скв. 88 принадлежит месторождению Краснокамское
Скв. 89 принадлежит месторождению Губахинское
Скв. 90 принадлежит месторождению Пермское 
execution time: 123 ms
[INFO ] 2022-09-08 13:26:07 [http-nio-8080-exec-5] DepartmentsToWellsServiceImpl - 
Скв. 3 принадлежит месторождению Губахинское
Скв. 5 принадлежит месторождению Краснокамское
Скв. 8 принадлежит месторождению Чайковское
Скв. 9 принадлежит месторождению Краснокамское
Скв. 10 принадлежит месторождению Чайковское
Скв. 12 принадлежит месторождению Пермское
Скв. 13 принадлежит месторождению Губахинское
Скв. 14 принадлежит месторождению Губахинское
Скв. 15 принадлежит месторождению Чайковское
Скв. 20 принадлежит месторождению Губахинское
Скв. 22 принадлежит месторождению Губахинское
Скв. 24 принадлежит месторождению Губахинское
Скв. 25 принадлежит месторождению Пермское
Скв. 26 принадлежит месторождению Губахинское
Скв. 27 принадлежит месторождению Краснокамское
Скв. 28 принадлежит месторождению Губахинское
Скв. 31 принадлежит месторождению Губахинское
Скв. 33 принадлежит месторождению Пермское
Скв. 34 принадлежит месторождению Губахинское
Скв. 36 принадлежит месторождению Губахинское
Скв. 37 принадлежит месторождению Осинское
Скв. 39 принадлежит месторождению Краснокамское
Скв. 41 принадлежит месторождению Губахинское
Скв. 43 принадлежит месторождению Губахинское
Скв. 45 принадлежит месторождению Чайковское
Скв. 46 принадлежит месторождению Чайковское
Скв. 47 принадлежит месторождению Осинское
Скв. 48 принадлежит месторождению Губахинское
Скв. 49 принадлежит месторождению Губахинское
Скв. 51 принадлежит месторождению Пермское
Скв. 52 принадлежит месторождению Губахинское
Скв. 53 принадлежит месторождению Губахинское
Скв. 54 принадлежит месторождению Осинское
Скв. 55 принадлежит месторождению Пермское
Скв. 56 принадлежит месторождению Губахинское
Скв. 57 принадлежит месторождению Краснокамское
Скв. 60 принадлежит месторождению Чайковское
Скв. 62 принадлежит месторождению Губахинское
Скв. 64 принадлежит месторождению Осинское
Скв. 69 принадлежит месторождению Чайковское
Скв. 72 принадлежит месторождению Губахинское
Скв. 73 принадлежит месторождению Краснокамское
Скв. 74 принадлежит месторождению Губахинское
Скв. 77 принадлежит месторождению Губахинское
Скв. 79 принадлежит месторождению Губахинское
Скв. 83 принадлежит месторождению Краснокамское
Скв. 84 принадлежит месторождению Губахинское
Скв. 85 принадлежит месторождению Чайковское
Скв. 86 принадлежит месторождению Губахинское
Скв. 87 принадлежит месторождению Чайковское
Скв. 88 принадлежит месторождению Краснокамское
Скв. 89 принадлежит месторождению Губахинское
Скв. 90 принадлежит месторождению Пермское 
execution time: 10 ms
