
[INFO ] 2022-09-07 16:13:53 [http-nio-8080-exec-2] ParametersWellsServiceImpl - Вязкость нефти
Давление на приеме
Дебит жидкости
Дебит нефти
Динамический уровень
Напряжение трансформатора
Плотность нефти
Температура двигателя
Ток двигателя
Частота двигателя
 execution time: 61 ms
[INFO ] 2022-09-07 16:20:34 [http-nio-8080-exec-1] ParametersWellsServiceImpl - 
Вязкость нефти
Давление на приеме
Дебит жидкости
Дебит нефти
Динамический уровень
Напряжение трансформатора
Плотность нефти
Температура двигателя
Ток двигателя
Частота двигателя 
execution time: 70 ms
[INFO ] 2022-09-07 16:45:43 [http-nio-8080-exec-1] ParametersWellsServiceImpl - 
Вязкость нефти
Давление на приеме
Дебит жидкости
Дебит нефти
Динамический уровень
Напряжение трансформатора
Плотность нефти
Температура двигателя
Ток двигателя
Частота двигателя 
execution time: 104 ms
[INFO ] 2022-09-08 09:20:24 [http-nio-8080-exec-3] ParametersWellsServiceImpl - 
Вязкость нефти
Давление на приеме
Дебит жидкости
Дебит нефти
Динамический уровень
Напряжение трансформатора
Плотность нефти
Температура двигателя
Ток двигателя
Частота двигателя 
execution time: 135 ms
[INFO ] 2022-09-08 10:06:42 [http-nio-8080-exec-3] ParametersWellsServiceImpl - 
Вязкость нефти
Давление на приеме
Дебит жидкости
Дебит нефти
Динамический уровень
Напряжение трансформатора
Плотность нефти
Температура двигателя
Ток двигателя
Частота двигателя 
execution time: 19 ms
[INFO ] 2022-09-08 10:14:52 [http-nio-8080-exec-3] ParametersWellsServiceImpl - 
Вязкость нефти
Давление на приеме
Дебит жидкости
Дебит нефти
Динамический уровень
Напряжение трансформатора
Плотность нефти
Температура двигателя
Ток двигателя
Частота двигателя 
execution time: 29 ms
[INFO ] 2022-09-08 13:26:25 [http-nio-8080-exec-7] ParametersWellsServiceImpl - 
Вязкость нефти
Давление на приеме
Дебит жидкости
Дебит нефти
Динамический уровень
Напряжение трансформатора
Плотность нефти
Температура двигателя
Ток двигателя
Частота двигателя 
execution time: 47 ms
